Using pre-set license
Built from '2020.2/staging' branch; Version is '2020.2.3f1 (8ff31bc5bf5b) revision 9433883'; Using compiler version '192528614'; Build Type 'Release'
OS: 'Windows 10 Home; OS build 18363.1440; Version 1909; 64bit' Language: 'zh' Physical Memory: 8047 MB
BatchMode: 1, IsHumanControllingUs: 0, StartBugReporterOnCrash: 0, Is64bit: 1, IsPro: 0

 COMMAND LINE ARGUMENTS:
D:\Program Files\2020.2.3f1\Editor\Unity.exe
-adb2
-batchMode
-noUpm
-name
AssetImportWorker0
-projectPath
D:/GBC/ADV. TOPICS IN PROG. LANGUAGES/Lab Ex5
-logFile
Logs/AssetImportWorker0.log
-srvPort
62095
Successfully changed project path to: D:/GBC/ADV. TOPICS IN PROG. LANGUAGES/Lab Ex5
D:/GBC/ADV. TOPICS IN PROG. LANGUAGES/Lab Ex5
Using Asset Import Pipeline V2.
Refreshing native plugins compatible for Editor in 71.36 ms, found 1 plugins.
Preloading 0 native plugins for Editor in 0.00 ms.
Initialize engine version: 2020.2.3f1 (8ff31bc5bf5b)
[Subsystems] Discovering subsystems at path D:/Program Files/2020.2.3f1/Editor/Data/Resources/UnitySubsystems
[Subsystems] Discovering subsystems at path D:/GBC/ADV. TOPICS IN PROG. LANGUAGES/Lab Ex5/Assets
GfxDevice: creating device client; threaded=0
Direct3D:
    Version:  Direct3D 11.0 [level 11.1]
    Renderer: NVIDIA GeForce GTX 1050 (ID=0x1c8d)
    Vendor:   
    VRAM:     1979 MB
    Driver:   26.21.14.4587
Initialize mono
Mono path[0] = 'D:/Program Files/2020.2.3f1/Editor/Data/Managed'
Mono path[1] = 'D:/Program Files/2020.2.3f1/Editor/Data/MonoBleedingEdge/lib/mono/unityjit'
Mono config path = 'D:/Program Files/2020.2.3f1/Editor/Data/MonoBleedingEdge/etc'
Using monoOptions --debugger-agent=transport=dt_socket,embedding=1,server=y,suspend=n,address=127.0.0.1:56344
Begin MonoManager ReloadAssembly
Registering precompiled unity dll's ...
Register platform support module: D:/Program Files/2020.2.3f1/Editor/Data/PlaybackEngines/WebGLSupport/UnityEditor.WebGL.Extensions.dll
Register platform support module: D:/Program Files/2020.2.3f1/Editor/Data/PlaybackEngines/WindowsStandaloneSupport/UnityEditor.WindowsStandalone.Extensions.dll
Registered in 0.001054 seconds.
Native extension for WindowsStandalone target not found
Native extension for WebGL target not found
Refreshing native plugins compatible for Editor in 36.61 ms, found 1 plugins.
Preloading 0 native plugins for Editor in 0.00 ms.
Invoked RoslynAnalysisRunner static constructor.
RoslynAnalysisRunner will not be running.
RoslynAnalysisRunner has terminated.
Mono: successfully reloaded assembly
- Completed reload, in  1.565 seconds
Platform modules already initialized, skipping
Registering precompiled user dll's ...
Registered in 0.000669 seconds.
Begin MonoManager ReloadAssembly
Native extension for WindowsStandalone target not found
Native extension for WebGL target not found
Refreshing native plugins compatible for Editor in 47.09 ms, found 1 plugins.
Preloading 0 native plugins for Editor in 0.00 ms.
Invoked RoslynAnalysisRunner static constructor.
RoslynAnalysisRunner will not be running.
RoslynAnalysisRunner has terminated.
Mono: successfully reloaded assembly
- Completed reload, in  1.618 seconds
Platform modules already initialized, skipping
========================================================================
Worker process is ready to serve import requests
Launched and connected shader compiler UnityShaderCompiler.exe after 0.14 seconds
Refreshing native plugins compatible for Editor in 0.77 ms, found 1 plugins.
Preloading 0 native plugins for Editor in 0.00 ms.
Unloading 1795 Unused Serialized files (Serialized files now loaded: 0)
System memory in use before: 89.2 MB.
System memory in use after: 89.2 MB.

Unloading 24 unused Assets to reduce memory usage. Loaded Objects now: 2237.
Total: 3.460200 ms (FindLiveObjects: 0.347000 ms CreateObjectMapping: 0.142000 ms MarkObjects: 2.769400 ms  DeleteObjects: 0.199700 ms)

========================================================================
Received Import Request.
  path: Assets/Coin.cs
  artifactKey: Guid(e63aebe973b2d7b4eb6466372f309783) Importer(815301076,1909f56bfc062723c751e8b465ee728b)
Start importing Assets/Coin.cs using Guid(e63aebe973b2d7b4eb6466372f309783) Importer(815301076,1909f56bfc062723c751e8b465ee728b)  -> (artifact id: '5b2e01e8fa68898cca3344c36d3c762b') in 0.055503 seconds
  Import took 0.084741 seconds .

========================================================================
Received Import Request.
  Time since last request: 32.309442 seconds.
  path: Assets/Coin.cs
  artifactKey: Guid(e63aebe973b2d7b4eb6466372f309783) Importer(815301076,1909f56bfc062723c751e8b465ee728b)
Start importing Assets/Coin.cs using Guid(e63aebe973b2d7b4eb6466372f309783) Importer(815301076,1909f56bfc062723c751e8b465ee728b)  -> (artifact id: 'ac4754f609d2ef270900c925af9cf035') in 0.041137 seconds
  Import took 0.287236 seconds .

========================================================================
Received Prepare
Registering precompiled user dll's ...
Registered in 0.000749 seconds.
Begin MonoManager ReloadAssembly
Native extension for WindowsStandalone target not found
Native extension for WebGL target not found
Refreshing native plugins compatible for Editor in 0.39 ms, found 1 plugins.
Preloading 0 native plugins for Editor in 0.00 ms.
Invoked RoslynAnalysisRunner static constructor.
RoslynAnalysisRunner will not be running.
RoslynAnalysisRunner has terminated.
Mono: successfully reloaded assembly
- Completed reload, in  1.029 seconds
Platform modules already initialized, skipping
Refreshing native plugins compatible for Editor in 0.35 ms, found 1 plugins.
Preloading 0 native plugins for Editor in 0.00 ms.
Unloading 1790 Unused Serialized files (Serialized files now loaded: 0)
System memory in use before: 89.2 MB.
System memory in use after: 89.2 MB.

Unloading 12 unused Assets to reduce memory usage. Loaded Objects now: 2240.
Total: 2.162700 ms (FindLiveObjects: 0.195800 ms CreateObjectMapping: 0.065700 ms MarkObjects: 1.741500 ms  DeleteObjects: 0.158900 ms)

========================================================================
Received Prepare
Registering precompiled user dll's ...
Registered in 0.000596 seconds.
Begin MonoManager ReloadAssembly
Native extension for WindowsStandalone target not found
Native extension for WebGL target not found
Refreshing native plugins compatible for Editor in 0.33 ms, found 1 plugins.
Preloading 0 native plugins for Editor in 0.00 ms.
Invoked RoslynAnalysisRunner static constructor.
RoslynAnalysisRunner will not be running.
RoslynAnalysisRunner has terminated.
Mono: successfully reloaded assembly
- Completed reload, in  0.795 seconds
Platform modules already initialized, skipping
Refreshing native plugins compatible for Editor in 0.33 ms, found 1 plugins.
Preloading 0 native plugins for Editor in 0.00 ms.
Unloading 1790 Unused Serialized files (Serialized files now loaded: 0)
System memory in use before: 89.2 MB.
System memory in use after: 89.2 MB.

Unloading 12 unused Assets to reduce memory usage. Loaded Objects now: 2243.
Total: 2.030800 ms (FindLiveObjects: 0.182900 ms CreateObjectMapping: 0.054900 ms MarkObjects: 1.700100 ms  DeleteObjects: 0.092200 ms)

========================================================================
Received Prepare
Registering precompiled user dll's ...
Registered in 0.000738 seconds.
Begin MonoManager ReloadAssembly
Native extension for WindowsStandalone target not found
Native extension for WebGL target not found
Refreshing native plugins compatible for Editor in 0.36 ms, found 1 plugins.
Preloading 0 native plugins for Editor in 0.00 ms.
Invoked RoslynAnalysisRunner static constructor.
RoslynAnalysisRunner will not be running.
RoslynAnalysisRunner has terminated.
Mono: successfully reloaded assembly
- Completed reload, in  0.793 seconds
Platform modules already initialized, skipping
Refreshing native plugins compatible for Editor in 0.33 ms, found 1 plugins.
Preloading 0 native plugins for Editor in 0.00 ms.
Unloading 1790 Unused Serialized files (Serialized files now loaded: 0)
System memory in use before: 89.2 MB.
System memory in use after: 89.2 MB.

Unloading 12 unused Assets to reduce memory usage. Loaded Objects now: 2246.
Total: 2.029000 ms (FindLiveObjects: 0.179700 ms CreateObjectMapping: 0.063100 ms MarkObjects: 1.685800 ms  DeleteObjects: 0.099300 ms)

========================================================================
Received Import Request.
  Time since last request: 479.252728 seconds.
  path: Assets/CoinSpawn.cs
  artifactKey: Guid(2fac40aa3901d9b47869a81997974e0d) Importer(815301076,1909f56bfc062723c751e8b465ee728b)
Start importing Assets/CoinSpawn.cs using Guid(2fac40aa3901d9b47869a81997974e0d) Importer(815301076,1909f56bfc062723c751e8b465ee728b)  -> (artifact id: '3e59305bf3634bcb3ac0335706805697') in 0.005585 seconds
  Import took 0.038252 seconds .

========================================================================
Received Import Request.
  Time since last request: 0.046058 seconds.
  path: Assets/CoinSpawn.cs
  artifactKey: Guid(2fac40aa3901d9b47869a81997974e0d) Importer(815301076,1909f56bfc062723c751e8b465ee728b)
Start importing Assets/CoinSpawn.cs using Guid(2fac40aa3901d9b47869a81997974e0d) Importer(815301076,1909f56bfc062723c751e8b465ee728b)  -> (artifact id: '3e59305bf3634bcb3ac0335706805697') in 0.002077 seconds
  Import took 0.005777 seconds .

========================================================================
Received Prepare
Registering precompiled user dll's ...
Registered in 0.000861 seconds.
Begin MonoManager ReloadAssembly
Native extension for WindowsStandalone target not found
Native extension for WebGL target not found
Refreshing native plugins compatible for Editor in 0.33 ms, found 1 plugins.
Preloading 0 native plugins for Editor in 0.00 ms.
Invoked RoslynAnalysisRunner static constructor.
RoslynAnalysisRunner will not be running.
RoslynAnalysisRunner has terminated.
Mono: successfully reloaded assembly
- Completed reload, in  0.986 seconds
Platform modules already initialized, skipping
Refreshing native plugins compatible for Editor in 0.38 ms, found 1 plugins.
Preloading 0 native plugins for Editor in 0.00 ms.
Unloading 1790 Unused Serialized files (Serialized files now loaded: 0)
System memory in use before: 89.2 MB.
System memory in use after: 89.2 MB.

Unloading 12 unused Assets to reduce memory usage. Loaded Objects now: 2249.
Total: 2.577900 ms (FindLiveObjects: 0.201600 ms CreateObjectMapping: 0.072800 ms MarkObjects: 2.133500 ms  DeleteObjects: 0.168900 ms)

========================================================================
Received Import Request.
  Time since last request: 42.285454 seconds.
  path: Assets/CoinSpawn.cs
  artifactKey: Guid(2fac40aa3901d9b47869a81997974e0d) Importer(815301076,1909f56bfc062723c751e8b465ee728b)
Start importing Assets/CoinSpawn.cs using Guid(2fac40aa3901d9b47869a81997974e0d) Importer(815301076,1909f56bfc062723c751e8b465ee728b)  -> (artifact id: '35499a8debde1489ca48299bf39e718f') in 0.003792 seconds
  Import took 0.086722 seconds .

========================================================================
Received Prepare
Registering precompiled user dll's ...
Registered in 0.000701 seconds.
Begin MonoManager ReloadAssembly
Native extension for WindowsStandalone target not found
Native extension for WebGL target not found
Refreshing native plugins compatible for Editor in 0.34 ms, found 1 plugins.
Preloading 0 native plugins for Editor in 0.00 ms.
Invoked RoslynAnalysisRunner static constructor.
RoslynAnalysisRunner will not be running.
RoslynAnalysisRunner has terminated.
Mono: successfully reloaded assembly
- Completed reload, in  0.953 seconds
Platform modules already initialized, skipping
Refreshing native plugins compatible for Editor in 0.42 ms, found 1 plugins.
Preloading 0 native plugins for Editor in 0.00 ms.
Unloading 1790 Unused Serialized files (Serialized files now loaded: 0)
System memory in use before: 89.3 MB.
System memory in use after: 89.2 MB.

Unloading 12 unused Assets to reduce memory usage. Loaded Objects now: 2252.
Total: 2.620800 ms (FindLiveObjects: 0.197700 ms CreateObjectMapping: 0.068700 ms MarkObjects: 2.244100 ms  DeleteObjects: 0.109200 ms)

========================================================================
Received Prepare
Registering precompiled user dll's ...
Registered in 0.000964 seconds.
Begin MonoManager ReloadAssembly
Native extension for WindowsStandalone target not found
Native extension for WebGL target not found
Refreshing native plugins compatible for Editor in 0.37 ms, found 1 plugins.
Preloading 0 native plugins for Editor in 0.00 ms.
Invoked RoslynAnalysisRunner static constructor.
RoslynAnalysisRunner will not be running.
RoslynAnalysisRunner has terminated.
Mono: successfully reloaded assembly
- Completed reload, in  1.102 seconds
Platform modules already initialized, skipping
Refreshing native plugins compatible for Editor in 0.75 ms, found 1 plugins.
Preloading 0 native plugins for Editor in 0.00 ms.
Unloading 1790 Unused Serialized files (Serialized files now loaded: 0)
System memory in use before: 89.3 MB.
System memory in use after: 89.3 MB.

Unloading 12 unused Assets to reduce memory usage. Loaded Objects now: 2255.
Total: 2.143600 ms (FindLiveObjects: 0.278200 ms CreateObjectMapping: 0.077000 ms MarkObjects: 1.685400 ms  DeleteObjects: 0.101800 ms)

========================================================================
Received Import Request.
  Time since last request: 78.684568 seconds.
  path: Assets/CoinSpawn.cs
  artifactKey: Guid(2fac40aa3901d9b47869a81997974e0d) Importer(815301076,1909f56bfc062723c751e8b465ee728b)
Start importing Assets/CoinSpawn.cs using Guid(2fac40aa3901d9b47869a81997974e0d) Importer(815301076,1909f56bfc062723c751e8b465ee728b)  -> (artifact id: 'ad65212320241ed40ecac615ba672d93') in 0.006071 seconds
  Import took 0.024534 seconds .

========================================================================
Received Import Request.
  Time since last request: 0.035737 seconds.
  path: Assets/CoinSpawn.cs
  artifactKey: Guid(2fac40aa3901d9b47869a81997974e0d) Importer(815301076,1909f56bfc062723c751e8b465ee728b)
Start importing Assets/CoinSpawn.cs using Guid(2fac40aa3901d9b47869a81997974e0d) Importer(815301076,1909f56bfc062723c751e8b465ee728b)  -> (artifact id: 'ad65212320241ed40ecac615ba672d93') in 0.003571 seconds
  Import took 0.008268 seconds .

========================================================================
Received Prepare
Registering precompiled user dll's ...
Registered in 0.001236 seconds.
Begin MonoManager ReloadAssembly
Native extension for WindowsStandalone target not found
Native extension for WebGL target not found
Refreshing native plugins compatible for Editor in 0.38 ms, found 1 plugins.
Preloading 0 native plugins for Editor in 0.00 ms.
Invoked RoslynAnalysisRunner static constructor.
RoslynAnalysisRunner will not be running.
RoslynAnalysisRunner has terminated.
Mono: successfully reloaded assembly
- Completed reload, in  1.183 seconds
Platform modules already initialized, skipping
Refreshing native plugins compatible for Editor in 0.40 ms, found 1 plugins.
Preloading 0 native plugins for Editor in 0.00 ms.
Unloading 1790 Unused Serialized files (Serialized files now loaded: 0)
System memory in use before: 89.3 MB.
System memory in use after: 89.3 MB.

Unloading 12 unused Assets to reduce memory usage. Loaded Objects now: 2258.
Total: 2.215100 ms (FindLiveObjects: 0.195700 ms CreateObjectMapping: 0.062500 ms MarkObjects: 1.859500 ms  DeleteObjects: 0.096500 ms)

AssetImportWorkerClient::OnTransportError - code=2 error=End of file
